Traceback (most recent call last):
  File "D:\Anaconda3\lib\site-packages\jupyter_cache\executors\utils.py", line 58, in single_nb_execution
    executenb(
  File "D:\Anaconda3\lib\site-packages\nbclient\client.py", line 1112, in execute
    return NotebookClient(nb=nb, resources=resources, km=km, **kwargs).execute()
  File "D:\Anaconda3\lib\site-packages\nbclient\util.py", line 74, in wrapped
    return just_run(coro(*args, **kwargs))
  File "D:\Anaconda3\lib\site-packages\nbclient\util.py", line 53, in just_run
    return loop.run_until_complete(coro)
  File "D:\Anaconda3\lib\asyncio\base_events.py", line 642, in run_until_complete
    return future.result()
  File "D:\Anaconda3\lib\site-packages\nbclient\client.py", line 553, in async_execute
    await self.async_execute_cell(
  File "D:\Anaconda3\lib\site-packages\nbclient\client.py", line 857, in async_execute_cell
    self._check_raise_for_error(cell, exec_reply)
  File "D:\Anaconda3\lib\site-packages\nbclient\client.py", line 760, in _check_raise_for_error
    raise CellExecutionError.from_cell_and_msg(cell, exec_reply_content)
nbclient.exceptions.CellExecutionError: An error occurred while executing the following cell:
------------------
a = np.array([1, 2, 3, 4])
b = np.array([5, 6, 7, 8])
c = np.array([[1, 2], [3, 4]])

d = a + c  # ValueError: operands could not be broadcast together with shapes (4,) (2,2)
e = c + b  # [[ 6  8]
           #  [10 12]]
f = a * c  # [[ 1  4]
           #  [ 9 16]]
------------------

[1;31m---------------------------------------------------------------------------[0m
[1;31mValueError[0m                                Traceback (most recent call last)
[1;32m~\AppData\Local\Temp/ipykernel_15816/4240253268.py[0m in [0;36m<module>[1;34m[0m
[0;32m      3[0m [0mc[0m [1;33m=[0m [0mnp[0m[1;33m.[0m[0marray[0m[1;33m([0m[1;33m[[0m[1;33m[[0m[1;36m1[0m[1;33m,[0m [1;36m2[0m[1;33m][0m[1;33m,[0m [1;33m[[0m[1;36m3[0m[1;33m,[0m [1;36m4[0m[1;33m][0m[1;33m][0m[1;33m)[0m[1;33m[0m[1;33m[0m[0m
[0;32m      4[0m [1;33m[0m[0m
[1;32m----> 5[1;33m [0md[0m [1;33m=[0m [0ma[0m [1;33m+[0m [0mc[0m  [1;31m# ValueError: operands could not be broadcast together with shapes (4,) (2,2)[0m[1;33m[0m[1;33m[0m[0m
[0m[0;32m      6[0m [0me[0m [1;33m=[0m [0mc[0m [1;33m+[0m [0mb[0m  [1;31m# [[ 6  8][0m[1;33m[0m[1;33m[0m[0m
[0;32m      7[0m            [1;31m#  [10 12]][0m[1;33m[0m[1;33m[0m[0m

[1;31mValueError[0m: operands could not be broadcast together with shapes (4,) (2,2) 
ValueError: operands could not be broadcast together with shapes (4,) (2,2) 

