Traceback (most recent call last):
  File "D:\Anaconda3\lib\site-packages\jupyter_cache\executors\utils.py", line 58, in single_nb_execution
    executenb(
  File "D:\Anaconda3\lib\site-packages\nbclient\client.py", line 1112, in execute
    return NotebookClient(nb=nb, resources=resources, km=km, **kwargs).execute()
  File "D:\Anaconda3\lib\site-packages\nbclient\util.py", line 74, in wrapped
    return just_run(coro(*args, **kwargs))
  File "D:\Anaconda3\lib\site-packages\nbclient\util.py", line 53, in just_run
    return loop.run_until_complete(coro)
  File "D:\Anaconda3\lib\asyncio\base_events.py", line 642, in run_until_complete
    return future.result()
  File "D:\Anaconda3\lib\site-packages\nbclient\client.py", line 553, in async_execute
    await self.async_execute_cell(
  File "D:\Anaconda3\lib\site-packages\nbclient\client.py", line 857, in async_execute_cell
    self._check_raise_for_error(cell, exec_reply)
  File "D:\Anaconda3\lib\site-packages\nbclient\client.py", line 760, in _check_raise_for_error
    raise CellExecutionError.from_cell_and_msg(cell, exec_reply_content)
nbclient.exceptions.CellExecutionError: An error occurred while executing the following cell:
------------------
plt.plot(x, np.sin(x))  
plt.plot(x, np.cos(x))  
plt.plot(x, x**2) 
plt.legend(['sinüs', 'cosinüs', 'kare'], loc = 'upper left')
plt.savefig('sin_cos_grafigi_transparent.png', dpi=300, transparent=True, facecolor='b') # ön renk mavi
------------------

[1;31m---------------------------------------------------------------------------[0m
[1;31mTypeError[0m                                 Traceback (most recent call last)
[1;32m~\AppData\Local\Temp/ipykernel_9760/627628611.py[0m in [0;36m<module>[1;34m[0m
[0;32m      1[0m [0mplt[0m[1;33m.[0m[0mplot[0m[1;33m([0m[0mx[0m[1;33m,[0m [0mnp[0m[1;33m.[0m[0msin[0m[1;33m([0m[0mx[0m[1;33m)[0m[1;33m)[0m[1;33m[0m[1;33m[0m[0m
[0;32m      2[0m [0mplt[0m[1;33m.[0m[0mplot[0m[1;33m([0m[0mx[0m[1;33m,[0m [0mnp[0m[1;33m.[0m[0mcos[0m[1;33m([0m[0mx[0m[1;33m)[0m[1;33m)[0m[1;33m[0m[1;33m[0m[0m
[1;32m----> 3[1;33m [0mplt[0m[1;33m.[0m[0mplot[0m[1;33m([0m[0mx[0m[1;33m,[0m [0mx[0m[1;33m**[0m[1;36m2[0m[1;33m)[0m[1;33m[0m[1;33m[0m[0m
[0m[0;32m      4[0m [0mplt[0m[1;33m.[0m[0mlegend[0m[1;33m([0m[1;33m[[0m[1;34m'sinüs'[0m[1;33m,[0m [1;34m'cosinüs'[0m[1;33m,[0m [1;34m'kare'[0m[1;33m][0m[1;33m,[0m [0mloc[0m [1;33m=[0m [1;34m'upper left'[0m[1;33m)[0m[1;33m[0m[1;33m[0m[0m
[0;32m      5[0m [0mplt[0m[1;33m.[0m[0msavefig[0m[1;33m([0m[1;34m'sin_cos_grafigi_transparent.png'[0m[1;33m,[0m [0mdpi[0m[1;33m=[0m[1;36m300[0m[1;33m,[0m [0mtransparent[0m[1;33m=[0m[1;32mTrue[0m[1;33m,[0m [0mfacecolor[0m[1;33m=[0m[1;34m'b'[0m[1;33m)[0m [1;31m# ön renk mavi[0m[1;33m[0m[1;33m[0m[0m

[1;31mTypeError[0m: unsupported operand type(s) for ** or pow(): 'list' and 'int'
TypeError: unsupported operand type(s) for ** or pow(): 'list' and 'int'

